<?xml version="1.0" encoding="UTF-8"?>
<!-- Generated by org.testng.reporters.JUnitReportReporter -->
<testsuite skipped="0" hostname="LAPTOP-UH729F15" name="com.atipune.testng.basic.TestNgTest2" tests="3" failures="0" timestamp="2021-12-05T20:46:26 IST" time="0.006" errors="0">
  <testcase name="Testcase2" time="0.001" classname="com.atipune.testng.basic.TestNgTest2"/>
  <system-out/>
  <testcase name="Testcase1" time="0.002" classname="com.atipune.testng.basic.TestNgTest2"/>
  <system-out/>
  <testcase name="Testcase3" time="0.003" classname="com.atipune.testng.basic.TestNgTest2"/>
  <system-out/>
</testsuite> <!-- com.atipune.testng.basic.TestNgTest2 -->
