<?xml version="1.0" encoding="UTF-8"?>
<!-- Generated by org.testng.reporters.JUnitReportReporter -->
<testsuite skipped="0" hostname="LAPTOP-UH729F15" name="com.atipune.testng.basic.TestNgTest0612" tests="1" failures="0" timestamp="2021-12-06T15:19:14 IST" time="0.007" errors="0">
  <testcase name="f" time="0.007" classname="com.atipune.testng.basic.TestNgTest0612"/>
  <system-out/>
</testsuite> <!-- com.atipune.testng.basic.TestNgTest0612 -->
