<?xml version="1.0" encoding="UTF-8"?>
<!-- Generated by org.testng.reporters.JUnitReportReporter -->
<testsuite skipped="0" hostname="LAPTOP-UH729F15" name="com.atipune.testng.basic.NewTest2" tests="2" failures="0" timestamp="2021-12-05T20:46:26 IST" time="0.006" errors="0">
  <testcase name="driver2" time="0.002" classname="com.atipune.testng.basic.NewTest2"/>
  <system-out/>
  <testcase name="driver" time="0.004" classname="com.atipune.testng.basic.NewTest2"/>
  <system-out/>
</testsuite> <!-- com.atipune.testng.basic.NewTest2 -->
