<?xml version="1.0" encoding="UTF-8"?>
<!-- Generated by org.testng.reporters.JUnitReportReporter -->
<testsuite skipped="0" hostname="LAPTOP-UH729F15" name="com.atipune.testng.basic.ExtendReportsEx" tests="3" failures="0" timestamp="2021-12-16T15:19:46 IST" time="0.361" errors="0">
  <testcase name="varifyFirstBookTitle" time="0.093" classname="com.atipune.testng.basic.ExtendReportsEx"/>
  <system-out/>
  <testcase name="varifyNewArrivalsDisplayed" time="0.261" classname="com.atipune.testng.basic.ExtendReportsEx"/>
  <system-out/>
  <testcase name="varifyHomePage" time="0.007" classname="com.atipune.testng.basic.ExtendReportsEx"/>
  <system-out/>
</testsuite> <!-- com.atipune.testng.basic.ExtendReportsEx -->
