<?xml version="1.0" encoding="UTF-8"?>
<!-- Generated by org.testng.reporters.JUnitReportReporter -->
<testsuite skipped="0" hostname="LAPTOP-UH729F15" name="com.atipune.testng.basic.FcebookCreatepage" tests="1" failures="0" timestamp="2021-12-09T12:29:44 IST" time="14.223" errors="0">
  <testcase name="openFBrowser" time="14.223" classname="com.atipune.testng.basic.FcebookCreatepage"/>
  <system-out/>
</testsuite> <!-- com.atipune.testng.basic.FcebookCreatepage -->
